<?xml version="1.0" encoding="UTF-8"?>
<testng-results skipped="0" failed="0" total="1" passed="1">
  <reporter-output>
  </reporter-output>
  <suite name="Default suite" duration-ms="200486" started-at="2023-10-31T11:05:46Z" finished-at="2023-10-31T11:09:07Z">
    <groups>
      <group name="Regression">
        <method signature="FindCustomerID.verifyGetContractbyID_log()[pri:0, instance:com.portest.FindCustomerID@41d477ed]" name="verifyGetContractbyID_log" class="com.portest.FindCustomerID"/>
      </group> <!-- Regression -->
    </groups>
    <test name="Default test" duration-ms="200486" started-at="2023-10-31T11:05:46Z" finished-at="2023-10-31T11:09:07Z">
      <class name="com.portest.FindCustomerID">
        <test-method status="PASS" signature="setup()[pri:0, instance:com.portest.FindCustomerID@41d477ed]" name="setup" is-config="true" duration-ms="1680" started-at="2023-10-31T16:35:45Z" finished-at="2023-10-31T16:35:46Z">
          <reporter-output>
          </reporter-output>
        </test-method> <!-- setup -->
        <test-method status="PASS" signature="beforeClass()[pri:0, instance:com.portest.FindCustomerID@41d477ed]" name="beforeClass" is-config="true" duration-ms="1" started-at="2023-10-31T16:35:46Z" finished-at="2023-10-31T16:35:46Z">
          <reporter-output>
          </reporter-output>
        </test-method> <!-- beforeClass -->
        <test-method status="PASS" signature="beforeMethod(java.lang.reflect.Method)[pri:0, instance:com.portest.FindCustomerID@41d477ed]" name="beforeMethod" is-config="true" duration-ms="2" started-at="2023-10-31T16:35:46Z" finished-at="2023-10-31T16:35:46Z">
          <params>
            <param index="0">
              <value>
                <![CDATA[public void com.portest.FindCustomerID.verifyGetContractbyID_log() throws java.lang.Exception]]>
              </value>
            </param>
          </params>
          <reporter-output>
          </reporter-output>
        </test-method> <!-- beforeMethod -->
        <test-method status="PASS" signature="verifyGetContractbyID_log()[pri:0, instance:com.portest.FindCustomerID@41d477ed]" name="verifyGetContractbyID_log" duration-ms="199672" started-at="2023-10-31T16:35:46Z" description="Verify the Contract endpoint" finished-at="2023-10-31T16:39:06Z">
          <reporter-output>
          </reporter-output>
        </test-method> <!-- verifyGetContractbyID_log -->
        <test-method status="PASS" signature="AfterMethod(org.testng.ITestResult)[pri:0, instance:com.portest.FindCustomerID@41d477ed]" name="AfterMethod" is-config="true" duration-ms="29" started-at="2023-10-31T16:39:06Z" finished-at="2023-10-31T16:39:06Z">
          <params>
            <param index="0">
              <value>
                <![CDATA[[TestResult name=verifyGetContractbyID_log status=SUCCESS method=FindCustomerID.verifyGetContractbyID_log()[pri:0, instance:com.portest.FindCustomerID@41d477ed] output={null}]]]>
              </value>
            </param>
          </params>
          <reporter-output>
          </reporter-output>
        </test-method> <!-- AfterMethod -->
        <test-method status="PASS" signature="AfterTest()[pri:0, instance:com.portest.FindCustomerID@41d477ed]" name="AfterTest" is-config="true" duration-ms="721" started-at="2023-10-31T16:39:06Z" finished-at="2023-10-31T16:39:07Z">
          <reporter-output>
          </reporter-output>
        </test-method> <!-- AfterTest -->
        <test-method status="PASS" signature="tearDown()[pri:0, instance:com.portest.FindCustomerID@41d477ed]" name="tearDown" is-config="true" duration-ms="25" started-at="2023-10-31T16:39:07Z" finished-at="2023-10-31T16:39:07Z">
          <reporter-output>
          </reporter-output>
        </test-method> <!-- tearDown -->
      </class> <!-- com.portest.FindCustomerID -->
    </test> <!-- Default test -->
  </suite> <!-- Default suite -->
</testng-results>
